[11-Nov-2021 17:25:11 UTC] PHP Parse error:  syntax error, unexpected '}', expecting ',' or ';' in C:\Users\14077\Local Sites\makingwild\app\public\wp-content\themes\makingwildtheme\index.php on line 4
[11-Nov-2021 17:43:31 UTC] PHP Fatal error:  Uncaught Error: Call to undefined function size() in C:\Users\14077\Local Sites\makingwild\app\public\wp-content\themes\makingwildtheme\index.php:6
Stack trace:
#0 C:\Users\14077\Local Sites\makingwild\app\public\wp-includes\template-loader.php(106): include()
#1 C:\Users\14077\Local Sites\makingwild\app\public\wp-blog-header.php(19): require_once('C:\\Users\\14077\\...')
#2 C:\Users\14077\Local Sites\makingwild\app\public\index.php(17): require('C:\\Users\\14077\\...')
#3 {main}
  thrown in C:\Users\14077\Local Sites\makingwild\app\public\wp-content\themes\makingwildtheme\index.php on line 6
[11-Nov-2021 18:13:12 UTC] PHP Parse error:  syntax error, unexpected '<', expecting end of file in C:\Users\14077\Local Sites\makingwild\app\public\wp-content\themes\makingwildtheme\single.php on line 10
[11-Nov-2021 19:40:06 UTC] PHP Parse error:  syntax error, unexpected '?>', expecting ')' in C:\Users\14077\Local Sites\makingwild\app\public\wp-content\themes\makingwildtheme\index.php on line 93
[11-Nov-2021 19:40:28 UTC] PHP Parse error:  syntax error, unexpected '?>', expecting ')' in C:\Users\14077\Local Sites\makingwild\app\public\wp-content\themes\makingwildtheme\index.php on line 93
[11-Nov-2021 19:42:08 UTC] PHP Fatal error:  Uncaught Error: Call to undefined function get_theme_uri() in C:\Users\14077\Local Sites\makingwild\app\public\wp-content\themes\makingwildtheme\index.php:93
Stack trace:
#0 C:\Users\14077\Local Sites\makingwild\app\public\wp-includes\template-loader.php(106): include()
#1 C:\Users\14077\Local Sites\makingwild\app\public\wp-blog-header.php(19): require_once('C:\\Users\\14077\\...')
#2 C:\Users\14077\Local Sites\makingwild\app\public\index.php(17): require('C:\\Users\\14077\\...')
#3 {main}
  thrown in C:\Users\14077\Local Sites\makingwild\app\public\wp-content\themes\makingwildtheme\index.php on line 93
[11-Nov-2021 19:42:08 UTC] PHP Fatal error:  Uncaught Error: Call to undefined function get_theme_uri() in C:\Users\14077\Local Sites\makingwild\app\public\wp-content\themes\makingwildtheme\index.php:93
Stack trace:
#0 C:\Users\14077\Local Sites\makingwild\app\public\wp-includes\template-loader.php(106): include()
#1 C:\Users\14077\Local Sites\makingwild\app\public\wp-blog-header.php(19): require_once('C:\\Users\\14077\\...')
#2 C:\Users\14077\Local Sites\makingwild\app\public\index.php(17): require('C:\\Users\\14077\\...')
#3 {main}
  thrown in C:\Users\14077\Local Sites\makingwild\app\public\wp-content\themes\makingwildtheme\index.php on line 93
[11-Nov-2021 19:42:08 UTC] PHP Fatal error:  Uncaught Error: Call to undefined function get_theme_uri() in C:\Users\14077\Local Sites\makingwild\app\public\wp-content\themes\makingwildtheme\index.php:93
Stack trace:
#0 C:\Users\14077\Local Sites\makingwild\app\public\wp-includes\template-loader.php(106): include()
#1 C:\Users\14077\Local Sites\makingwild\app\public\wp-blog-header.php(19): require_once('C:\\Users\\14077\\...')
#2 C:\Users\14077\Local Sites\makingwild\app\public\index.php(17): require('C:\\Users\\14077\\...')
#3 {main}
  thrown in C:\Users\14077\Local Sites\makingwild\app\public\wp-content\themes\makingwildtheme\index.php on line 93
[11-Nov-2021 19:42:08 UTC] PHP Fatal error:  Uncaught Error: Call to undefined function get_theme_uri() in C:\Users\14077\Local Sites\makingwild\app\public\wp-content\themes\makingwildtheme\index.php:93
Stack trace:
#0 C:\Users\14077\Local Sites\makingwild\app\public\wp-includes\template-loader.php(106): include()
#1 C:\Users\14077\Local Sites\makingwild\app\public\wp-blog-header.php(19): require_once('C:\\Users\\14077\\...')
#2 C:\Users\14077\Local Sites\makingwild\app\public\index.php(17): require('C:\\Users\\14077\\...')
#3 {main}
  thrown in C:\Users\14077\Local Sites\makingwild\app\public\wp-content\themes\makingwildtheme\index.php on line 93
[11-Nov-2021 19:42:59 UTC] PHP Fatal error:  Uncaught Error: Call to undefined function get_theme_uri() in C:\Users\14077\Local Sites\makingwild\app\public\wp-content\themes\makingwildtheme\index.php:84
Stack trace:
#0 C:\Users\14077\Local Sites\makingwild\app\public\wp-includes\template-loader.php(106): include()
#1 C:\Users\14077\Local Sites\makingwild\app\public\wp-blog-header.php(19): require_once('C:\\Users\\14077\\...')
#2 C:\Users\14077\Local Sites\makingwild\app\public\index.php(17): require('C:\\Users\\14077\\...')
#3 {main}
  thrown in C:\Users\14077\Local Sites\makingwild\app\public\wp-content\themes\makingwildtheme\index.php on line 84
[11-Nov-2021 19:42:59 UTC] PHP Fatal error:  Uncaught Error: Call to undefined function get_theme_uri() in C:\Users\14077\Local Sites\makingwild\app\public\wp-content\themes\makingwildtheme\index.php:84
Stack trace:
#0 C:\Users\14077\Local Sites\makingwild\app\public\wp-includes\template-loader.php(106): include()
#1 C:\Users\14077\Local Sites\makingwild\app\public\wp-blog-header.php(19): require_once('C:\\Users\\14077\\...')
#2 C:\Users\14077\Local Sites\makingwild\app\public\index.php(17): require('C:\\Users\\14077\\...')
#3 {main}
  thrown in C:\Users\14077\Local Sites\makingwild\app\public\wp-content\themes\makingwildtheme\index.php on line 84
[11-Nov-2021 19:42:59 UTC] PHP Fatal error:  Uncaught Error: Call to undefined function get_theme_uri() in C:\Users\14077\Local Sites\makingwild\app\public\wp-content\themes\makingwildtheme\index.php:84
Stack trace:
#0 C:\Users\14077\Local Sites\makingwild\app\public\wp-includes\template-loader.php(106): include()
#1 C:\Users\14077\Local Sites\makingwild\app\public\wp-blog-header.php(19): require_once('C:\\Users\\14077\\...')
#2 C:\Users\14077\Local Sites\makingwild\app\public\index.php(17): require('C:\\Users\\14077\\...')
#3 {main}
  thrown in C:\Users\14077\Local Sites\makingwild\app\public\wp-content\themes\makingwildtheme\index.php on line 84
[11-Nov-2021 19:43:27 UTC] PHP Fatal error:  Uncaught Error: Call to undefined function get_theme_uri() in C:\Users\14077\Local Sites\makingwild\app\public\wp-content\themes\makingwildtheme\index.php:84
Stack trace:
#0 C:\Users\14077\Local Sites\makingwild\app\public\wp-includes\template-loader.php(106): include()
#1 C:\Users\14077\Local Sites\makingwild\app\public\wp-blog-header.php(19): require_once('C:\\Users\\14077\\...')
#2 C:\Users\14077\Local Sites\makingwild\app\public\index.php(17): require('C:\\Users\\14077\\...')
#3 {main}
  thrown in C:\Users\14077\Local Sites\makingwild\app\public\wp-content\themes\makingwildtheme\index.php on line 84
[11-Nov-2021 19:43:27 UTC] PHP Fatal error:  Uncaught Error: Call to undefined function get_theme_uri() in C:\Users\14077\Local Sites\makingwild\app\public\wp-content\themes\makingwildtheme\index.php:84
Stack trace:
#0 C:\Users\14077\Local Sites\makingwild\app\public\wp-includes\template-loader.php(106): include()
#1 C:\Users\14077\Local Sites\makingwild\app\public\wp-blog-header.php(19): require_once('C:\\Users\\14077\\...')
#2 C:\Users\14077\Local Sites\makingwild\app\public\index.php(17): require('C:\\Users\\14077\\...')
#3 {main}
  thrown in C:\Users\14077\Local Sites\makingwild\app\public\wp-content\themes\makingwildtheme\index.php on line 84
[11-Nov-2021 19:43:27 UTC] PHP Fatal error:  Uncaught Error: Call to undefined function get_theme_uri() in C:\Users\14077\Local Sites\makingwild\app\public\wp-content\themes\makingwildtheme\index.php:84
Stack trace:
#0 C:\Users\14077\Local Sites\makingwild\app\public\wp-includes\template-loader.php(106): include()
#1 C:\Users\14077\Local Sites\makingwild\app\public\wp-blog-header.php(19): require_once('C:\\Users\\14077\\...')
#2 C:\Users\14077\Local Sites\makingwild\app\public\index.php(17): require('C:\\Users\\14077\\...')
#3 {main}
  thrown in C:\Users\14077\Local Sites\makingwild\app\public\wp-content\themes\makingwildtheme\index.php on line 84
[11-Nov-2021 19:43:33 UTC] PHP Parse error:  syntax error, unexpected '">' (T_CONSTANT_ENCAPSED_STRING), expecting ',' or ';' in C:\Users\14077\Local Sites\makingwild\app\public\wp-content\themes\makingwildtheme\index.php on line 85
[11-Nov-2021 19:43:43 UTC] PHP Fatal error:  Uncaught Error: Call to undefined function get_theme_uri() in C:\Users\14077\Local Sites\makingwild\app\public\wp-content\themes\makingwildtheme\index.php:93
Stack trace:
#0 C:\Users\14077\Local Sites\makingwild\app\public\wp-includes\template-loader.php(106): include()
#1 C:\Users\14077\Local Sites\makingwild\app\public\wp-blog-header.php(19): require_once('C:\\Users\\14077\\...')
#2 C:\Users\14077\Local Sites\makingwild\app\public\index.php(17): require('C:\\Users\\14077\\...')
#3 {main}
  thrown in C:\Users\14077\Local Sites\makingwild\app\public\wp-content\themes\makingwildtheme\index.php on line 93
[11-Nov-2021 19:43:43 UTC] PHP Fatal error:  Uncaught Error: Call to undefined function get_theme_uri() in C:\Users\14077\Local Sites\makingwild\app\public\wp-content\themes\makingwildtheme\index.php:93
Stack trace:
#0 C:\Users\14077\Local Sites\makingwild\app\public\wp-includes\template-loader.php(106): include()
#1 C:\Users\14077\Local Sites\makingwild\app\public\wp-blog-header.php(19): require_once('C:\\Users\\14077\\...')
#2 C:\Users\14077\Local Sites\makingwild\app\public\index.php(17): require('C:\\Users\\14077\\...')
#3 {main}
  thrown in C:\Users\14077\Local Sites\makingwild\app\public\wp-content\themes\makingwildtheme\index.php on line 93
[11-Nov-2021 19:43:43 UTC] PHP Fatal error:  Uncaught Error: Call to undefined function get_theme_uri() in C:\Users\14077\Local Sites\makingwild\app\public\wp-content\themes\makingwildtheme\index.php:93
Stack trace:
#0 C:\Users\14077\Local Sites\makingwild\app\public\wp-includes\template-loader.php(106): include()
#1 C:\Users\14077\Local Sites\makingwild\app\public\wp-blog-header.php(19): require_once('C:\\Users\\14077\\...')
#2 C:\Users\14077\Local Sites\makingwild\app\public\index.php(17): require('C:\\Users\\14077\\...')
#3 {main}
  thrown in C:\Users\14077\Local Sites\makingwild\app\public\wp-content\themes\makingwildtheme\index.php on line 93
[11-Nov-2021 19:43:43 UTC] PHP Fatal error:  Uncaught Error: Call to undefined function get_theme_uri() in C:\Users\14077\Local Sites\makingwild\app\public\wp-content\themes\makingwildtheme\index.php:93
Stack trace:
#0 C:\Users\14077\Local Sites\makingwild\app\public\wp-includes\template-loader.php(106): include()
#1 C:\Users\14077\Local Sites\makingwild\app\public\wp-blog-header.php(19): require_once('C:\\Users\\14077\\...')
#2 C:\Users\14077\Local Sites\makingwild\app\public\index.php(17): require('C:\\Users\\14077\\...')
#3 {main}
  thrown in C:\Users\14077\Local Sites\makingwild\app\public\wp-content\themes\makingwildtheme\index.php on line 93
[11-Nov-2021 20:35:01 UTC] PHP Parse error:  syntax error, unexpected '}', expecting ',' or ';' in C:\Users\14077\Local Sites\makingwild\app\public\wp-content\themes\makingwildtheme\page.php on line 20
[11-Nov-2021 20:38:48 UTC] PHP Fatal error:  Uncaught ArgumentCountError: Too few arguments to function wp_get_post_parent_id(), 0 passed in C:\Users\14077\Local Sites\makingwild\app\public\wp-content\themes\makingwildtheme\page.php on line 18 and exactly 1 expected in C:\Users\14077\Local Sites\makingwild\app\public\wp-includes\post.php:7434
Stack trace:
#0 C:\Users\14077\Local Sites\makingwild\app\public\wp-content\themes\makingwildtheme\page.php(18): wp_get_post_parent_id()
#1 C:\Users\14077\Local Sites\makingwild\app\public\wp-includes\template-loader.php(106): include('C:\\Users\\14077\\...')
#2 C:\Users\14077\Local Sites\makingwild\app\public\wp-blog-header.php(19): require_once('C:\\Users\\14077\\...')
#3 C:\Users\14077\Local Sites\makingwild\app\public\index.php(17): require('C:\\Users\\14077\\...')
#4 {main}
  thrown in C:\Users\14077\Local Sites\makingwild\app\public\wp-includes\post.php on line 7434
[11-Nov-2021 20:39:11 UTC] PHP Fatal error:  Uncaught ArgumentCountError: Too few arguments to function wp_get_post_parent_id(), 0 passed in C:\Users\14077\Local Sites\makingwild\app\public\wp-content\themes\makingwildtheme\page.php on line 18 and exactly 1 expected in C:\Users\14077\Local Sites\makingwild\app\public\wp-includes\post.php:7434
Stack trace:
#0 C:\Users\14077\Local Sites\makingwild\app\public\wp-content\themes\makingwildtheme\page.php(18): wp_get_post_parent_id()
#1 C:\Users\14077\Local Sites\makingwild\app\public\wp-includes\template-loader.php(106): include('C:\\Users\\14077\\...')
#2 C:\Users\14077\Local Sites\makingwild\app\public\wp-blog-header.php(19): require_once('C:\\Users\\14077\\...')
#3 C:\Users\14077\Local Sites\makingwild\app\public\index.php(17): require('C:\\Users\\14077\\...')
#4 {main}
  thrown in C:\Users\14077\Local Sites\makingwild\app\public\wp-includes\post.php on line 7434
[11-Nov-2021 20:48:43 UTC] PHP Parse error:  syntax error, unexpected 'if' (T_IF) in C:\Users\14077\Local Sites\makingwild\app\public\wp-content\themes\makingwildtheme\page.php on line 20
[11-Nov-2021 22:46:50 UTC] PHP Parse error:  syntax error, unexpected '}', expecting ',' or ';' in C:\Users\14077\Local Sites\makingwild\app\public\wp-content\themes\makingwildtheme\index.php on line 5
[11-Nov-2021 23:26:27 UTC] PHP Parse error:  syntax error, unexpected ';', expecting ')' in C:\Users\14077\Local Sites\makingwild\app\public\wp-content\themes\makingwildtheme\page.php on line 46
[11-Nov-2021 23:38:35 UTC] PHP Parse error:  syntax error, unexpected end of file in C:\Users\14077\Local Sites\makingwild\app\public\wp-content\themes\makingwildtheme\page.php on line 68
[13-Nov-2021 22:01:59 UTC] PHP Warning:  Use of undefined constant the_permalink - assumed 'the_permalink' (this will throw an Error in a future version of PHP) in C:\Users\14077\Local Sites\makingwild\app\public\wp-content\themes\makingwildtheme\index.php on line 19
[13-Nov-2021 22:01:59 UTC] PHP Stack trace:
[13-Nov-2021 22:01:59 UTC] PHP   1. {main}() C:\Users\14077\Local Sites\makingwild\app\public\index.php:0
[13-Nov-2021 22:01:59 UTC] PHP   2. require() C:\Users\14077\Local Sites\makingwild\app\public\index.php:17
[13-Nov-2021 22:01:59 UTC] PHP   3. require_once() C:\Users\14077\Local Sites\makingwild\app\public\wp-blog-header.php:19
[13-Nov-2021 22:01:59 UTC] PHP   4. include() C:\Users\14077\Local Sites\makingwild\app\public\wp-includes\template-loader.php:106
[13-Nov-2021 22:01:59 UTC] PHP Warning:  Use of undefined constant the_permalink - assumed 'the_permalink' (this will throw an Error in a future version of PHP) in C:\Users\14077\Local Sites\makingwild\app\public\wp-content\themes\makingwildtheme\index.php on line 19
[13-Nov-2021 22:01:59 UTC] PHP Stack trace:
[13-Nov-2021 22:01:59 UTC] PHP   1. {main}() C:\Users\14077\Local Sites\makingwild\app\public\index.php:0
[13-Nov-2021 22:01:59 UTC] PHP   2. require() C:\Users\14077\Local Sites\makingwild\app\public\index.php:17
[13-Nov-2021 22:01:59 UTC] PHP   3. require_once() C:\Users\14077\Local Sites\makingwild\app\public\wp-blog-header.php:19
[13-Nov-2021 22:01:59 UTC] PHP   4. include() C:\Users\14077\Local Sites\makingwild\app\public\wp-includes\template-loader.php:106
[13-Nov-2021 22:01:59 UTC] PHP Warning:  Use of undefined constant the_permalink - assumed 'the_permalink' (this will throw an Error in a future version of PHP) in C:\Users\14077\Local Sites\makingwild\app\public\wp-content\themes\makingwildtheme\index.php on line 19
[13-Nov-2021 22:01:59 UTC] PHP Stack trace:
[13-Nov-2021 22:01:59 UTC] PHP   1. {main}() C:\Users\14077\Local Sites\makingwild\app\public\index.php:0
[13-Nov-2021 22:01:59 UTC] PHP   2. require() C:\Users\14077\Local Sites\makingwild\app\public\index.php:17
[13-Nov-2021 22:01:59 UTC] PHP   3. require_once() C:\Users\14077\Local Sites\makingwild\app\public\wp-blog-header.php:19
[13-Nov-2021 22:01:59 UTC] PHP   4. include() C:\Users\14077\Local Sites\makingwild\app\public\wp-includes\template-loader.php:106
[13-Nov-2021 22:01:59 UTC] PHP Warning:  Use of undefined constant the_permalink - assumed 'the_permalink' (this will throw an Error in a future version of PHP) in C:\Users\14077\Local Sites\makingwild\app\public\wp-content\themes\makingwildtheme\index.php on line 19
[13-Nov-2021 22:01:59 UTC] PHP Stack trace:
[13-Nov-2021 22:01:59 UTC] PHP   1. {main}() C:\Users\14077\Local Sites\makingwild\app\public\index.php:0
[13-Nov-2021 22:01:59 UTC] PHP   2. require() C:\Users\14077\Local Sites\makingwild\app\public\index.php:17
[13-Nov-2021 22:01:59 UTC] PHP Warning:  Use of undefined constant the_permalink - assumed 'the_permalink' (this will throw an Error in a future version of PHP) in C:\Users\14077\Local Sites\makingwild\app\public\wp-content\themes\makingwildtheme\index.php on line 19
[13-Nov-2021 22:01:59 UTC] PHP   3. require_once() C:\Users\14077\Local Sites\makingwild\app\public\wp-blog-header.php:19
[13-Nov-2021 22:01:59 UTC] PHP Stack trace:
[13-Nov-2021 22:01:59 UTC] PHP   4. include() C:\Users\14077\Local Sites\makingwild\app\public\wp-includes\template-loader.php:106
[13-Nov-2021 22:01:59 UTC] PHP   1. {main}() C:\Users\14077\Local Sites\makingwild\app\public\index.php:0
[13-Nov-2021 22:01:59 UTC] PHP   2. require() C:\Users\14077\Local Sites\makingwild\app\public\index.php:17
[13-Nov-2021 22:01:59 UTC] PHP   3. require_once() C:\Users\14077\Local Sites\makingwild\app\public\wp-blog-header.php:19
[13-Nov-2021 22:01:59 UTC] PHP Warning:  Use of undefined constant the_permalink - assumed 'the_permalink' (this will throw an Error in a future version of PHP) in C:\Users\14077\Local Sites\makingwild\app\public\wp-content\themes\makingwildtheme\index.php on line 19
[13-Nov-2021 22:01:59 UTC] PHP   4. include() C:\Users\14077\Local Sites\makingwild\app\public\wp-includes\template-loader.php:106
[13-Nov-2021 22:01:59 UTC] PHP Stack trace:
[13-Nov-2021 22:01:59 UTC] PHP   1. {main}() C:\Users\14077\Local Sites\makingwild\app\public\index.php:0
[13-Nov-2021 22:01:59 UTC] PHP   2. require() C:\Users\14077\Local Sites\makingwild\app\public\index.php:17
[13-Nov-2021 22:01:59 UTC] PHP Warning:  Use of undefined constant the_permalink - assumed 'the_permalink' (this will throw an Error in a future version of PHP) in C:\Users\14077\Local Sites\makingwild\app\public\wp-content\themes\makingwildtheme\index.php on line 19
[13-Nov-2021 22:01:59 UTC] PHP   3. require_once() C:\Users\14077\Local Sites\makingwild\app\public\wp-blog-header.php:19
[13-Nov-2021 22:01:59 UTC] PHP Stack trace:
[13-Nov-2021 22:01:59 UTC] PHP   4. include() C:\Users\14077\Local Sites\makingwild\app\public\wp-includes\template-loader.php:106
[13-Nov-2021 22:01:59 UTC] PHP   1. {main}() C:\Users\14077\Local Sites\makingwild\app\public\index.php:0
[13-Nov-2021 22:01:59 UTC] PHP   2. require() C:\Users\14077\Local Sites\makingwild\app\public\index.php:17
[13-Nov-2021 22:01:59 UTC] PHP Warning:  Use of undefined constant the_permalink - assumed 'the_permalink' (this will throw an Error in a future version of PHP) in C:\Users\14077\Local Sites\makingwild\app\public\wp-content\themes\makingwildtheme\index.php on line 19
[13-Nov-2021 22:01:59 UTC] PHP   3. require_once() C:\Users\14077\Local Sites\makingwild\app\public\wp-blog-header.php:19
[13-Nov-2021 22:01:59 UTC] PHP Stack trace:
[13-Nov-2021 22:01:59 UTC] PHP   4. include() C:\Users\14077\Local Sites\makingwild\app\public\wp-includes\template-loader.php:106
[13-Nov-2021 22:01:59 UTC] PHP   1. {main}() C:\Users\14077\Local Sites\makingwild\app\public\index.php:0
[13-Nov-2021 22:01:59 UTC] PHP   2. require() C:\Users\14077\Local Sites\makingwild\app\public\index.php:17
[13-Nov-2021 22:01:59 UTC] PHP Warning:  Use of undefined constant the_permalink - assumed 'the_permalink' (this will throw an Error in a future version of PHP) in C:\Users\14077\Local Sites\makingwild\app\public\wp-content\themes\makingwildtheme\index.php on line 19
[13-Nov-2021 22:01:59 UTC] PHP   3. require_once() C:\Users\14077\Local Sites\makingwild\app\public\wp-blog-header.php:19
[13-Nov-2021 22:01:59 UTC] PHP Stack trace:
[13-Nov-2021 22:01:59 UTC] PHP   4. include() C:\Users\14077\Local Sites\makingwild\app\public\wp-includes\template-loader.php:106
[13-Nov-2021 22:01:59 UTC] PHP   1. {main}() C:\Users\14077\Local Sites\makingwild\app\public\index.php:0
[13-Nov-2021 22:01:59 UTC] PHP   2. require() C:\Users\14077\Local Sites\makingwild\app\public\index.php:17
[13-Nov-2021 22:01:59 UTC] PHP   3. require_once() C:\Users\14077\Local Sites\makingwild\app\public\wp-blog-header.php:19
[13-Nov-2021 22:01:59 UTC] PHP   4. include() C:\Users\14077\Local Sites\makingwild\app\public\wp-includes\template-loader.php:106
[13-Nov-2021 23:44:13 UTC] PHP Parse error:  syntax error, unexpected '/' in C:\Users\14077\Local Sites\makingwild\app\public\wp-content\themes\makingwildtheme\single.php on line 17
[14-Nov-2021 00:44:11 UTC] PHP Parse error:  syntax error, unexpected '}', expecting ',' or ';' in C:\Users\14077\Local Sites\makingwild\app\public\wp-content\themes\makingwildtheme\archive.php on line 10
[14-Nov-2021 00:47:26 UTC] PHP Parse error:  syntax error, unexpected '<', expecting end of file in C:\Users\14077\Local Sites\makingwild\app\public\wp-content\themes\makingwildtheme\archive.php on line 8
[14-Nov-2021 00:48:39 UTC] PHP Warning:  Use of undefined constant the_archive_description - assumed 'the_archive_description' (this will throw an Error in a future version of PHP) in C:\Users\14077\Local Sites\makingwild\app\public\wp-content\themes\makingwildtheme\archive.php on line 10
[14-Nov-2021 00:48:39 UTC] PHP Stack trace:
[14-Nov-2021 00:48:39 UTC] PHP   1. {main}() C:\Users\14077\Local Sites\makingwild\app\public\index.php:0
[14-Nov-2021 00:48:39 UTC] PHP   2. require() C:\Users\14077\Local Sites\makingwild\app\public\index.php:17
[14-Nov-2021 00:48:39 UTC] PHP   3. require_once() C:\Users\14077\Local Sites\makingwild\app\public\wp-blog-header.php:19
[14-Nov-2021 00:48:39 UTC] PHP   4. include() C:\Users\14077\Local Sites\makingwild\app\public\wp-includes\template-loader.php:106
[15-Nov-2021 00:33:26 UTC] PHP Fatal error:  Uncaught Error: Call to a member function the_post() on null in C:\Users\14077\Local Sites\makingwild\app\public\wp-content\themes\makingwildtheme\front-page.php:51
Stack trace:
#0 C:\Users\14077\Local Sites\makingwild\app\public\wp-includes\template-loader.php(106): include()
#1 C:\Users\14077\Local Sites\makingwild\app\public\wp-blog-header.php(19): require_once('C:\\Users\\14077\\...')
#2 C:\Users\14077\Local Sites\makingwild\app\public\index.php(17): require('C:\\Users\\14077\\...')
#3 {main}
  thrown in C:\Users\14077\Local Sites\makingwild\app\public\wp-content\themes\makingwildtheme\front-page.php on line 51
[15-Nov-2021 00:34:01 UTC] PHP Fatal error:  Uncaught Error: Call to a member function the_post() on null in C:\Users\14077\Local Sites\makingwild\app\public\wp-content\themes\makingwildtheme\front-page.php:51
Stack trace:
#0 C:\Users\14077\Local Sites\makingwild\app\public\wp-includes\template-loader.php(106): include()
#1 C:\Users\14077\Local Sites\makingwild\app\public\wp-blog-header.php(19): require_once('C:\\Users\\14077\\...')
#2 C:\Users\14077\Local Sites\makingwild\app\public\index.php(17): require('C:\\Users\\14077\\...')
#3 {main}
  thrown in C:\Users\14077\Local Sites\makingwild\app\public\wp-content\themes\makingwildtheme\front-page.php on line 51
[15-Nov-2021 00:34:36 UTC] PHP Fatal error:  Uncaught Error: Call to a member function the_post() on null in C:\Users\14077\Local Sites\makingwild\app\public\wp-content\themes\makingwildtheme\front-page.php:51
Stack trace:
#0 C:\Users\14077\Local Sites\makingwild\app\public\wp-includes\template-loader.php(106): include()
#1 C:\Users\14077\Local Sites\makingwild\app\public\wp-blog-header.php(19): require_once('C:\\Users\\14077\\...')
#2 C:\Users\14077\Local Sites\makingwild\app\public\index.php(17): require('C:\\Users\\14077\\...')
#3 {main}
  thrown in C:\Users\14077\Local Sites\makingwild\app\public\wp-content\themes\makingwildtheme\front-page.php on line 51
[16-Nov-2021 12:35:23 UTC] PHP Warning:  call_user_func_array() expects parameter 1 to be a valid callback, function 'wild_post_types' not found or invalid function name in C:\Users\14077\Local Sites\makingwild\app\public\wp-includes\class-wp-hook.php on line 303
[16-Nov-2021 12:35:23 UTC] PHP Stack trace:
[16-Nov-2021 12:35:23 UTC] PHP   1. {main}() C:\Users\14077\Local Sites\makingwild\app\public\wp-admin\admin-ajax.php:0
[16-Nov-2021 12:35:23 UTC] PHP   2. require_once() C:\Users\14077\Local Sites\makingwild\app\public\wp-admin\admin-ajax.php:22
[16-Nov-2021 12:35:23 UTC] PHP   3. require_once() C:\Users\14077\Local Sites\makingwild\app\public\wp-load.php:50
[16-Nov-2021 12:35:23 UTC] PHP   4. require_once() C:\Users\14077\Local Sites\makingwild\app\public\wp-config.php:77
[16-Nov-2021 12:35:23 UTC] PHP   5. do_action() C:\Users\14077\Local Sites\makingwild\app\public\wp-settings.php:578
[16-Nov-2021 12:35:23 UTC] PHP   6. WP_Hook->do_action() C:\Users\14077\Local Sites\makingwild\app\public\wp-includes\plugin.php:470
[16-Nov-2021 12:35:23 UTC] PHP   7. WP_Hook->apply_filters() C:\Users\14077\Local Sites\makingwild\app\public\wp-includes\class-wp-hook.php:327
[16-Nov-2021 13:09:04 UTC] PHP Warning:  Use of undefined constant get_the_content - assumed 'get_the_content' (this will throw an Error in a future version of PHP) in C:\Users\14077\Local Sites\makingwild\app\public\wp-content\themes\makingwildtheme\front-page.php on line 31
[16-Nov-2021 13:09:04 UTC] PHP Stack trace:
[16-Nov-2021 13:09:04 UTC] PHP   1. {main}() C:\Users\14077\Local Sites\makingwild\app\public\index.php:0
[16-Nov-2021 13:09:04 UTC] PHP   2. require() C:\Users\14077\Local Sites\makingwild\app\public\index.php:17
[16-Nov-2021 13:09:04 UTC] PHP   3. require_once() C:\Users\14077\Local Sites\makingwild\app\public\wp-blog-header.php:19
[16-Nov-2021 13:09:04 UTC] PHP   4. include() C:\Users\14077\Local Sites\makingwild\app\public\wp-includes\template-loader.php:106
[16-Nov-2021 13:09:04 UTC] PHP Warning:  Use of undefined constant get_the_content - assumed 'get_the_content' (this will throw an Error in a future version of PHP) in C:\Users\14077\Local Sites\makingwild\app\public\wp-content\themes\makingwildtheme\front-page.php on line 31
[16-Nov-2021 13:09:04 UTC] PHP Stack trace:
[16-Nov-2021 13:09:04 UTC] PHP   1. {main}() C:\Users\14077\Local Sites\makingwild\app\public\index.php:0
[16-Nov-2021 13:09:04 UTC] PHP   2. require() C:\Users\14077\Local Sites\makingwild\app\public\index.php:17
[16-Nov-2021 13:09:04 UTC] PHP   3. require_once() C:\Users\14077\Local Sites\makingwild\app\public\wp-blog-header.php:19
[16-Nov-2021 13:09:04 UTC] PHP   4. include() C:\Users\14077\Local Sites\makingwild\app\public\wp-includes\template-loader.php:106
[16-Nov-2021 13:22:00 UTC] PHP Parse error:  syntax error, unexpected ''has_archive'' (T_CONSTANT_ENCAPSED_STRING), expecting ')' in C:\Users\14077\Local Sites\makingwild\app\public\wp-content\mu-plugins\wild-post-types.php on line 5
[16-Nov-2021 13:22:00 UTC] PHP Parse error:  syntax error, unexpected ''has_archive'' (T_CONSTANT_ENCAPSED_STRING), expecting ')' in C:\Users\14077\Local Sites\makingwild\app\public\wp-content\mu-plugins\wild-post-types.php on line 5
[16-Nov-2021 13:22:16 UTC] PHP Parse error:  syntax error, unexpected ''has_archive'' (T_CONSTANT_ENCAPSED_STRING), expecting ')' in C:\Users\14077\Local Sites\makingwild\app\public\wp-content\mu-plugins\wild-post-types.php on line 5
[16-Nov-2021 13:22:17 UTC] PHP Parse error:  syntax error, unexpected ''has_archive'' (T_CONSTANT_ENCAPSED_STRING), expecting ')' in C:\Users\14077\Local Sites\makingwild\app\public\wp-content\mu-plugins\wild-post-types.php on line 5
